Created by PLY version 3.8 (http://www.dabeaz.com/ply)

Unused terminals:

    COMMENT
    ALL
    STATISTICS

Grammar

Rule 0     S' -> method
Rule 1     method -> CLASSIFIER
Rule 2     clasification -> CLASSIFIER_METHOD
Rule 3     crossValidation -> CROSSVALIDATION_VAR = bool
Rule 4     crossValidation -> CROSSVALIDATION_VAR = kfold
Rule 5     kfold -> ( num , num )
Rule 6     uploadFile -> UPLOAD_COMMAND ( upload )
Rule 7     upload -> PATH
Rule 8     csv -> CSV_VAR = bool
Rule 9     csv -> CSV_VAR = ( num , num )
Rule 10    csv -> CSV_VAR = ( num )
Rule 11    csv -> CSV_VAR ( upload )
Rule 12    num -> INT
Rule 13    bool -> BOOLEAN
Rule 14    printResults -> PRINT

Terminals, with rules where they appear

(                    : 5 6 9 10 11
)                    : 5 6 9 10 11
,                    : 5 9
=                    : 3 4 8 9 10
ALL                  : 
BOOLEAN              : 13
CLASSIFIER           : 1
CLASSIFIER_METHOD    : 2
COMMENT              : 
CROSSVALIDATION_VAR  : 3 4
CSV_VAR              : 8 9 10 11
INT                  : 12
PATH                 : 7
PRINT                : 14
STATISTICS           : 
UPLOAD_COMMAND       : 6
error                : 

Nonterminals, with rules where they appear

bool                 : 3 8
clasification        : 
crossValidation      : 
csv                  : 
kfold                : 4
method               : 0
num                  : 5 5 9 9 10
printResults         : 
upload               : 6 11
uploadFile           : 

Parsing method: LALR

state 0

    (0) S' -> . method
    (1) method -> . CLASSIFIER

    CLASSIFIER      shift and go to state 2

    method                         shift and go to state 1

state 1

    (0) S' -> method .



state 2

    (1) method -> CLASSIFIER .

    $end            reduce using rule 1 (method -> CLASSIFIER .)

